[2022/09/04 18:59:06] ppocr INFO: Architecture : 
[2022/09/04 18:59:06] ppocr INFO:     Models : 
[2022/09/04 18:59:06] ppocr INFO:         Student : 
[2022/09/04 18:59:06] ppocr INFO:             Backbone : 
[2022/09/04 18:59:06] ppocr INFO:                 disable_se : True
[2022/09/04 18:59:06] ppocr INFO:                 model_name : large
[2022/09/04 18:59:06] ppocr INFO:                 name : MobileNetV3
[2022/09/04 18:59:06] ppocr INFO:                 scale : 0.5
[2022/09/04 18:59:06] ppocr INFO:             Head : 
[2022/09/04 18:59:06] ppocr INFO:                 k : 50
[2022/09/04 18:59:06] ppocr INFO:                 name : DBHead
[2022/09/04 18:59:06] ppocr INFO:             Neck : 
[2022/09/04 18:59:06] ppocr INFO:                 name : RSEFPN
[2022/09/04 18:59:06] ppocr INFO:                 out_channels : 96
[2022/09/04 18:59:06] ppocr INFO:                 shortcut : True
[2022/09/04 18:59:06] ppocr INFO:             Transform : None
[2022/09/04 18:59:06] ppocr INFO:             algorithm : DB
[2022/09/04 18:59:06] ppocr INFO:             model_type : det
[2022/09/04 18:59:06] ppocr INFO:         Student2 : 
[2022/09/04 18:59:06] ppocr INFO:             Backbone : 
[2022/09/04 18:59:06] ppocr INFO:                 disable_se : True
[2022/09/04 18:59:06] ppocr INFO:                 model_name : large
[2022/09/04 18:59:06] ppocr INFO:                 name : MobileNetV3
[2022/09/04 18:59:06] ppocr INFO:                 scale : 0.5
[2022/09/04 18:59:06] ppocr INFO:             Head : 
[2022/09/04 18:59:06] ppocr INFO:                 k : 50
[2022/09/04 18:59:06] ppocr INFO:                 name : DBHead
[2022/09/04 18:59:06] ppocr INFO:             Neck : 
[2022/09/04 18:59:06] ppocr INFO:                 name : RSEFPN
[2022/09/04 18:59:06] ppocr INFO:                 out_channels : 96
[2022/09/04 18:59:06] ppocr INFO:                 shortcut : True
[2022/09/04 18:59:06] ppocr INFO:             Transform : None
[2022/09/04 18:59:06] ppocr INFO:             algorithm : DB
[2022/09/04 18:59:06] ppocr INFO:             model_type : det
[2022/09/04 18:59:06] ppocr INFO:         Teacher : 
[2022/09/04 18:59:06] ppocr INFO:             Backbone : 
[2022/09/04 18:59:06] ppocr INFO:                 in_channels : 3
[2022/09/04 18:59:06] ppocr INFO:                 layers : 50
[2022/09/04 18:59:06] ppocr INFO:                 name : ResNet
[2022/09/04 18:59:06] ppocr INFO:             Head : 
[2022/09/04 18:59:06] ppocr INFO:                 k : 50
[2022/09/04 18:59:06] ppocr INFO:                 kernel_list : [7, 2, 2]
[2022/09/04 18:59:06] ppocr INFO:                 name : DBHead
[2022/09/04 18:59:06] ppocr INFO:             Neck : 
[2022/09/04 18:59:06] ppocr INFO:                 name : LKPAN
[2022/09/04 18:59:06] ppocr INFO:                 out_channels : 256
[2022/09/04 18:59:06] ppocr INFO:             algorithm : DB
[2022/09/04 18:59:06] ppocr INFO:             freeze_params : True
[2022/09/04 18:59:06] ppocr INFO:             model_type : det
[2022/09/04 18:59:06] ppocr INFO:             return_all_feats : False
[2022/09/04 18:59:06] ppocr INFO:     algorithm : Distillation
[2022/09/04 18:59:06] ppocr INFO:     model_type : det
[2022/09/04 18:59:06] ppocr INFO:     name : DistillationModel
[2022/09/04 18:59:06] ppocr INFO: Eval : 
[2022/09/04 18:59:06] ppocr INFO:     dataset : 
[2022/09/04 18:59:06] ppocr INFO:         data_dir : ./train_data/icdar2015/text_localization/
[2022/09/04 18:59:06] ppocr INFO:         label_file_list : ['./train_data/icdar2015/text_localization/test_icdar2015_label.txt']
[2022/09/04 18:59:06] ppocr INFO:         name : SimpleDataSet
[2022/09/04 18:59:06] ppocr INFO:         transforms : 
[2022/09/04 18:59:06] ppocr INFO:             DecodeImage : 
[2022/09/04 18:59:06] ppocr INFO:                 channel_first : False
[2022/09/04 18:59:06] ppocr INFO:                 img_mode : BGR
[2022/09/04 18:59:06] ppocr INFO:             DetLabelEncode : None
[2022/09/04 18:59:06] ppocr INFO:             DetResizeForTest : None
[2022/09/04 18:59:06] ppocr INFO:             NormalizeImage : 
[2022/09/04 18:59:06] ppocr INFO:                 mean : [0.485, 0.456, 0.406]
[2022/09/04 18:59:06] ppocr INFO:                 order : hwc
[2022/09/04 18:59:06] ppocr INFO:                 scale : 1./255.
[2022/09/04 18:59:06] ppocr INFO:                 std : [0.229, 0.224, 0.225]
[2022/09/04 18:59:06] ppocr INFO:             ToCHWImage : None
[2022/09/04 18:59:06] ppocr INFO:             KeepKeys : 
[2022/09/04 18:59:06] ppocr INFO:                 keep_keys : ['image', 'shape', 'polys', 'ignore_tags']
[2022/09/04 18:59:06] ppocr INFO:     loader : 
[2022/09/04 18:59:06] ppocr INFO:         batch_size_per_card : 1
[2022/09/04 18:59:06] ppocr INFO:         drop_last : False
[2022/09/04 18:59:06] ppocr INFO:         num_workers : 2
[2022/09/04 18:59:06] ppocr INFO:         shuffle : False
[2022/09/04 18:59:06] ppocr INFO: Global : 
[2022/09/04 18:59:06] ppocr INFO:     cal_metric_during_train : False
[2022/09/04 18:59:06] ppocr INFO:     checkpoints : None
[2022/09/04 18:59:06] ppocr INFO:     debug : False
[2022/09/04 18:59:06] ppocr INFO:     distributed : False
[2022/09/04 18:59:06] ppocr INFO:     epoch_num : 500
[2022/09/04 18:59:06] ppocr INFO:     eval_batch_step : [0, 400]
[2022/09/04 18:59:06] ppocr INFO:     infer_img : doc/imgs_en/img_10.jpg
[2022/09/04 18:59:06] ppocr INFO:     log_smooth_window : 20
[2022/09/04 18:59:06] ppocr INFO:     pretrained_model : ./ch_PP-OCRv3_det_distill_train/best_accuracy
[2022/09/04 18:59:06] ppocr INFO:     print_batch_step : 10
[2022/09/04 18:59:06] ppocr INFO:     save_epoch_step : 100
[2022/09/04 18:59:06] ppocr INFO:     save_inference_dir : None
[2022/09/04 18:59:06] ppocr INFO:     save_model_dir : ./output/quant_model_distill/
[2022/09/04 18:59:06] ppocr INFO:     save_res_path : ./checkpoints/det_db/predicts_db.txt
[2022/09/04 18:59:06] ppocr INFO:     use_gpu : True
[2022/09/04 18:59:06] ppocr INFO:     use_visualdl : False
[2022/09/04 18:59:06] ppocr INFO: Loss : 
[2022/09/04 18:59:06] ppocr INFO:     loss_config_list : 
[2022/09/04 18:59:06] ppocr INFO:         DistillationDilaDBLoss : 
[2022/09/04 18:59:06] ppocr INFO:             alpha : 5
[2022/09/04 18:59:06] ppocr INFO:             balance_loss : True
[2022/09/04 18:59:06] ppocr INFO:             beta : 10
[2022/09/04 18:59:06] ppocr INFO:             key : maps
[2022/09/04 18:59:06] ppocr INFO:             main_loss_type : DiceLoss
[2022/09/04 18:59:06] ppocr INFO:             model_name_pairs : [['Student', 'Teacher'], ['Student2', 'Teacher']]
[2022/09/04 18:59:06] ppocr INFO:             ohem_ratio : 3
[2022/09/04 18:59:06] ppocr INFO:             weight : 1.0
[2022/09/04 18:59:06] ppocr INFO:         DistillationDMLLoss : 
[2022/09/04 18:59:06] ppocr INFO:             key : maps
[2022/09/04 18:59:06] ppocr INFO:             maps_name : thrink_maps
[2022/09/04 18:59:06] ppocr INFO:             model_name_pairs : ['Student', 'Student2']
[2022/09/04 18:59:06] ppocr INFO:             weight : 1.0
[2022/09/04 18:59:06] ppocr INFO:         DistillationDBLoss : 
[2022/09/04 18:59:06] ppocr INFO:             alpha : 5
[2022/09/04 18:59:06] ppocr INFO:             balance_loss : True
[2022/09/04 18:59:06] ppocr INFO:             beta : 10
[2022/09/04 18:59:06] ppocr INFO:             main_loss_type : DiceLoss
[2022/09/04 18:59:06] ppocr INFO:             model_name_list : ['Student', 'Student2']
[2022/09/04 18:59:06] ppocr INFO:             ohem_ratio : 3
[2022/09/04 18:59:06] ppocr INFO:             weight : 1.0
[2022/09/04 18:59:06] ppocr INFO:     name : CombinedLoss
[2022/09/04 18:59:06] ppocr INFO: Metric : 
[2022/09/04 18:59:06] ppocr INFO:     base_metric_name : DetMetric
[2022/09/04 18:59:06] ppocr INFO:     key : Student
[2022/09/04 18:59:06] ppocr INFO:     main_indicator : hmean
[2022/09/04 18:59:06] ppocr INFO:     name : DistillationMetric
[2022/09/04 18:59:06] ppocr INFO: Optimizer : 
[2022/09/04 18:59:06] ppocr INFO:     beta1 : 0.9
[2022/09/04 18:59:06] ppocr INFO:     beta2 : 0.999
[2022/09/04 18:59:06] ppocr INFO:     lr : 
[2022/09/04 18:59:06] ppocr INFO:         learning_rate : 0.001
[2022/09/04 18:59:06] ppocr INFO:         name : Cosine
[2022/09/04 18:59:06] ppocr INFO:         warmup_epoch : 2
[2022/09/04 18:59:06] ppocr INFO:     name : Adam
[2022/09/04 18:59:06] ppocr INFO:     regularizer : 
[2022/09/04 18:59:06] ppocr INFO:         factor : 5e-05
[2022/09/04 18:59:06] ppocr INFO:         name : L2
[2022/09/04 18:59:06] ppocr INFO: PostProcess : 
[2022/09/04 18:59:06] ppocr INFO:     box_thresh : 0.6
[2022/09/04 18:59:06] ppocr INFO:     key : head_out
[2022/09/04 18:59:06] ppocr INFO:     max_candidates : 1000
[2022/09/04 18:59:06] ppocr INFO:     model_name : ['Student']
[2022/09/04 18:59:06] ppocr INFO:     name : DistillationDBPostProcess
[2022/09/04 18:59:06] ppocr INFO:     thresh : 0.3
[2022/09/04 18:59:06] ppocr INFO:     unclip_ratio : 1.5
[2022/09/04 18:59:06] ppocr INFO: Train : 
[2022/09/04 18:59:06] ppocr INFO:     dataset : 
[2022/09/04 18:59:06] ppocr INFO:         data_dir : ./train_data/icdar2015/text_localization/
[2022/09/04 18:59:06] ppocr INFO:         label_file_list : ['./train_data/icdar2015/text_localization/train_icdar2015_label.txt']
[2022/09/04 18:59:06] ppocr INFO:         name : SimpleDataSet
[2022/09/04 18:59:06] ppocr INFO:         ratio_list : [1.0]
[2022/09/04 18:59:06] ppocr INFO:         transforms : 
[2022/09/04 18:59:06] ppocr INFO:             DecodeImage : 
[2022/09/04 18:59:06] ppocr INFO:                 channel_first : False
[2022/09/04 18:59:06] ppocr INFO:                 img_mode : BGR
[2022/09/04 18:59:06] ppocr INFO:             DetLabelEncode : None
[2022/09/04 18:59:06] ppocr INFO:             CopyPaste : None
[2022/09/04 18:59:06] ppocr INFO:             IaaAugment : 
[2022/09/04 18:59:06] ppocr INFO:                 augmenter_args : 
[2022/09/04 18:59:06] ppocr INFO:                     args : 
[2022/09/04 18:59:06] ppocr INFO:                         p : 0.5
[2022/09/04 18:59:06] ppocr INFO:                     type : Fliplr
[2022/09/04 18:59:06] ppocr INFO:                     args : 
[2022/09/04 18:59:06] ppocr INFO:                         rotate : [-10, 10]
[2022/09/04 18:59:06] ppocr INFO:                     type : Affine
[2022/09/04 18:59:06] ppocr INFO:                     args : 
[2022/09/04 18:59:06] ppocr INFO:                         size : [0.5, 3]
[2022/09/04 18:59:06] ppocr INFO:                     type : Resize
[2022/09/04 18:59:06] ppocr INFO:             EastRandomCropData : 
[2022/09/04 18:59:06] ppocr INFO:                 keep_ratio : True
[2022/09/04 18:59:06] ppocr INFO:                 max_tries : 50
[2022/09/04 18:59:06] ppocr INFO:                 size : [960, 960]
[2022/09/04 18:59:06] ppocr INFO:             MakeBorderMap : 
[2022/09/04 18:59:06] ppocr INFO:                 shrink_ratio : 0.4
[2022/09/04 18:59:06] ppocr INFO:                 thresh_max : 0.7
[2022/09/04 18:59:06] ppocr INFO:                 thresh_min : 0.3
[2022/09/04 18:59:06] ppocr INFO:             MakeShrinkMap : 
[2022/09/04 18:59:06] ppocr INFO:                 min_text_size : 8
[2022/09/04 18:59:06] ppocr INFO:                 shrink_ratio : 0.4
[2022/09/04 18:59:06] ppocr INFO:             NormalizeImage : 
[2022/09/04 18:59:06] ppocr INFO:                 mean : [0.485, 0.456, 0.406]
[2022/09/04 18:59:06] ppocr INFO:                 order : hwc
[2022/09/04 18:59:06] ppocr INFO:                 scale : 1./255.
[2022/09/04 18:59:06] ppocr INFO:                 std : [0.229, 0.224, 0.225]
[2022/09/04 18:59:06] ppocr INFO:             ToCHWImage : None
[2022/09/04 18:59:06] ppocr INFO:             KeepKeys : 
[2022/09/04 18:59:06] ppocr INFO:                 keep_keys : ['image', 'threshold_map', 'threshold_mask', 'shrink_map', 'shrink_mask']
[2022/09/04 18:59:06] ppocr INFO:     loader : 
[2022/09/04 18:59:06] ppocr INFO:         batch_size_per_card : 8
[2022/09/04 18:59:06] ppocr INFO:         drop_last : False
[2022/09/04 18:59:06] ppocr INFO:         num_workers : 4
[2022/09/04 18:59:06] ppocr INFO:         shuffle : True
[2022/09/04 18:59:06] ppocr INFO: profiler_options : None
[2022/09/04 18:59:06] ppocr INFO: train with paddle 2.3.0 and device Place(gpu:0)
[2022/09/04 18:59:06] ppocr INFO: Initialize indexs of datasets:['./train_data/icdar2015/text_localization/train_icdar2015_label.txt']
