[2022/09/01 16:49:26] ppocr INFO: Architecture : 
[2022/09/01 16:49:26] ppocr INFO:     Backbone : 
[2022/09/01 16:49:26] ppocr INFO:         model_name : small
[2022/09/01 16:49:26] ppocr INFO:         name : MobileNetV3
[2022/09/01 16:49:26] ppocr INFO:         scale : 0.35
[2022/09/01 16:49:26] ppocr INFO:     Head : 
[2022/09/01 16:49:26] ppocr INFO:         class_dim : 8
[2022/09/01 16:49:26] ppocr INFO:         name : ClsHead
[2022/09/01 16:49:26] ppocr INFO:     Neck : None
[2022/09/01 16:49:26] ppocr INFO:     Transform : None
[2022/09/01 16:49:26] ppocr INFO:     algorithm : CLS
[2022/09/01 16:49:26] ppocr INFO:     model_type : cls
[2022/09/01 16:49:26] ppocr INFO: Eval : 
[2022/09/01 16:49:26] ppocr INFO:     dataset : 
[2022/09/01 16:49:26] ppocr INFO:         data_dir : /home/zatoichi/Code/ANGLE_CLS/PP_ANG_DET/
[2022/09/01 16:49:26] ppocr INFO:         label_file_list : ['/home/zatoichi/Code/ANGLE_CLS/PP_ANG_DET/cls_gt_test.txt']
[2022/09/01 16:49:26] ppocr INFO:         name : SimpleDataSet
[2022/09/01 16:49:26] ppocr INFO:         transforms : 
[2022/09/01 16:49:26] ppocr INFO:             DecodeImage : 
[2022/09/01 16:49:26] ppocr INFO:                 channel_first : False
[2022/09/01 16:49:26] ppocr INFO:                 img_mode : BGR
[2022/09/01 16:49:26] ppocr INFO:             ClsLabelEncode : None
[2022/09/01 16:49:26] ppocr INFO:             ClsResizeImg : 
[2022/09/01 16:49:26] ppocr INFO:                 image_shape : [3, 48, 192]
[2022/09/01 16:49:26] ppocr INFO:             KeepKeys : 
[2022/09/01 16:49:26] ppocr INFO:                 keep_keys : ['image', 'label']
[2022/09/01 16:49:26] ppocr INFO:     loader : 
[2022/09/01 16:49:26] ppocr INFO:         batch_size_per_card : 512
[2022/09/01 16:49:26] ppocr INFO:         drop_last : False
[2022/09/01 16:49:26] ppocr INFO:         num_workers : 16
[2022/09/01 16:49:26] ppocr INFO:         shuffle : False
[2022/09/01 16:49:26] ppocr INFO: Global : 
[2022/09/01 16:49:26] ppocr INFO:     cal_metric_during_train : True
[2022/09/01 16:49:26] ppocr INFO:     checkpoints : None
[2022/09/01 16:49:26] ppocr INFO:     distributed : False
[2022/09/01 16:49:26] ppocr INFO:     epoch_num : 200
[2022/09/01 16:49:26] ppocr INFO:     eval_batch_step : [0, 1000]
[2022/09/01 16:49:26] ppocr INFO:     infer_img : doc/imgs_words_en/word_10.png
[2022/09/01 16:49:26] ppocr INFO:     label_list : ['0', '45', '90', '135', '180', '225', '270', '315']
[2022/09/01 16:49:26] ppocr INFO:     log_smooth_window : 20
[2022/09/01 16:49:26] ppocr INFO:     pretrained_model : /home/zatoichi/Code/ANGLE_CLS/output/cls/mv3/best_accuracy
[2022/09/01 16:49:26] ppocr INFO:     print_batch_step : 10
[2022/09/01 16:49:26] ppocr INFO:     save_epoch_step : 1
[2022/09/01 16:49:26] ppocr INFO:     save_inference_dir : None
[2022/09/01 16:49:26] ppocr INFO:     save_model_dir : ./output/quant_model/
[2022/09/01 16:49:26] ppocr INFO:     use_gpu : True
[2022/09/01 16:49:26] ppocr INFO:     use_visualdl : False
[2022/09/01 16:49:26] ppocr INFO:     use_wandb : True
[2022/09/01 16:49:26] ppocr INFO:     wandb : 
[2022/09/01 16:49:26] ppocr INFO:         entity : zatoichi
[2022/09/01 16:49:26] ppocr INFO:         name : 6k_ang_cls_20220822_2240
[2022/09/01 16:49:26] ppocr INFO:         project : text_ang_cls
[2022/09/01 16:49:26] ppocr INFO: Loss : 
[2022/09/01 16:49:26] ppocr INFO:     name : ClsLoss
[2022/09/01 16:49:26] ppocr INFO: Metric : 
[2022/09/01 16:49:26] ppocr INFO:     main_indicator : acc
[2022/09/01 16:49:26] ppocr INFO:     name : ClsMetric
[2022/09/01 16:49:26] ppocr INFO: Optimizer : 
[2022/09/01 16:49:26] ppocr INFO:     beta1 : 0.9
[2022/09/01 16:49:26] ppocr INFO:     beta2 : 0.999
[2022/09/01 16:49:26] ppocr INFO:     lr : 
[2022/09/01 16:49:26] ppocr INFO:         learning_rate : 0.001
[2022/09/01 16:49:26] ppocr INFO:         name : Cosine
[2022/09/01 16:49:26] ppocr INFO:     name : Adam
[2022/09/01 16:49:26] ppocr INFO:     regularizer : 
[2022/09/01 16:49:26] ppocr INFO:         factor : 0
[2022/09/01 16:49:26] ppocr INFO:         name : L2
[2022/09/01 16:49:26] ppocr INFO: PostProcess : 
[2022/09/01 16:49:26] ppocr INFO:     name : ClsPostProcess
[2022/09/01 16:49:26] ppocr INFO: Train : 
[2022/09/01 16:49:26] ppocr INFO:     dataset : 
[2022/09/01 16:49:26] ppocr INFO:         data_dir : /home/zatoichi/Code/ANGLE_CLS/PP_ANG_DET/
[2022/09/01 16:49:26] ppocr INFO:         label_file_list : ['/home/zatoichi/Code/ANGLE_CLS/PP_ANG_DET/cls_gt_train.txt']
[2022/09/01 16:49:26] ppocr INFO:         name : SimpleDataSet
[2022/09/01 16:49:26] ppocr INFO:         transforms : 
[2022/09/01 16:49:26] ppocr INFO:             DecodeImage : 
[2022/09/01 16:49:26] ppocr INFO:                 channel_first : False
[2022/09/01 16:49:26] ppocr INFO:                 img_mode : BGR
[2022/09/01 16:49:26] ppocr INFO:             ClsLabelEncode : None
[2022/09/01 16:49:26] ppocr INFO:             RecAug : 
[2022/09/01 16:49:26] ppocr INFO:                 use_tia : False
[2022/09/01 16:49:26] ppocr INFO:             RandAugment : None
[2022/09/01 16:49:26] ppocr INFO:             ClsResizeImg : 
[2022/09/01 16:49:26] ppocr INFO:                 image_shape : [3, 48, 192]
[2022/09/01 16:49:26] ppocr INFO:             KeepKeys : 
[2022/09/01 16:49:26] ppocr INFO:                 keep_keys : ['image', 'label']
[2022/09/01 16:49:26] ppocr INFO:     loader : 
[2022/09/01 16:49:26] ppocr INFO:         batch_size_per_card : 512
[2022/09/01 16:49:26] ppocr INFO:         drop_last : True
[2022/09/01 16:49:26] ppocr INFO:         num_workers : 8
[2022/09/01 16:49:26] ppocr INFO:         shuffle : True
[2022/09/01 16:49:26] ppocr INFO: profiler_options : None
[2022/09/01 16:49:26] ppocr INFO: train with paddle 2.3.0 and device Place(gpu:0)
[2022/09/01 16:49:26] ppocr INFO: Initialize indexs of datasets:['/home/zatoichi/Code/ANGLE_CLS/PP_ANG_DET/cls_gt_train.txt']
[2022/09/01 16:49:26] ppocr INFO: Initialize indexs of datasets:['/home/zatoichi/Code/ANGLE_CLS/PP_ANG_DET/cls_gt_test.txt']
[2022/09/01 16:49:29] ppocr INFO: load pretrain successful from /home/zatoichi/Code/ANGLE_CLS/output/cls/mv3/best_accuracy
[2022/09/01 16:49:30] ppocr INFO: train dataloader has 9 iters, valid dataloader has 4 iters
[2022/09/01 16:49:30] ppocr INFO: During the training process, after the 0th iteration, an evaluation is run every 1000 iterations
[2022/09/01 16:54:07] ppocr INFO: Architecture : 
[2022/09/01 16:54:07] ppocr INFO:     Backbone : 
[2022/09/01 16:54:07] ppocr INFO:         model_name : small
[2022/09/01 16:54:07] ppocr INFO:         name : MobileNetV3
[2022/09/01 16:54:07] ppocr INFO:         scale : 0.35
[2022/09/01 16:54:07] ppocr INFO:     Head : 
[2022/09/01 16:54:07] ppocr INFO:         class_dim : 8
[2022/09/01 16:54:07] ppocr INFO:         name : ClsHead
[2022/09/01 16:54:07] ppocr INFO:     Neck : None
[2022/09/01 16:54:07] ppocr INFO:     Transform : None
[2022/09/01 16:54:07] ppocr INFO:     algorithm : CLS
[2022/09/01 16:54:07] ppocr INFO:     model_type : cls
[2022/09/01 16:54:07] ppocr INFO: Eval : 
[2022/09/01 16:54:07] ppocr INFO:     dataset : 
[2022/09/01 16:54:07] ppocr INFO:         data_dir : /home/zatoichi/Code/ANGLE_CLS/PP_ANG_DET/
[2022/09/01 16:54:07] ppocr INFO:         label_file_list : ['/home/zatoichi/Code/ANGLE_CLS/PP_ANG_DET/cls_gt_test.txt']
[2022/09/01 16:54:07] ppocr INFO:         name : SimpleDataSet
[2022/09/01 16:54:07] ppocr INFO:         transforms : 
[2022/09/01 16:54:07] ppocr INFO:             DecodeImage : 
[2022/09/01 16:54:07] ppocr INFO:                 channel_first : False
[2022/09/01 16:54:07] ppocr INFO:                 img_mode : BGR
[2022/09/01 16:54:07] ppocr INFO:             ClsLabelEncode : None
[2022/09/01 16:54:07] ppocr INFO:             ClsResizeImg : 
[2022/09/01 16:54:07] ppocr INFO:                 image_shape : [3, 48, 192]
[2022/09/01 16:54:07] ppocr INFO:             KeepKeys : 
[2022/09/01 16:54:07] ppocr INFO:                 keep_keys : ['image', 'label']
[2022/09/01 16:54:07] ppocr INFO:     loader : 
[2022/09/01 16:54:07] ppocr INFO:         batch_size_per_card : 512
[2022/09/01 16:54:07] ppocr INFO:         drop_last : False
[2022/09/01 16:54:07] ppocr INFO:         num_workers : 16
[2022/09/01 16:54:07] ppocr INFO:         shuffle : False
[2022/09/01 16:54:07] ppocr INFO: Global : 
[2022/09/01 16:54:07] ppocr INFO:     cal_metric_during_train : True
[2022/09/01 16:54:07] ppocr INFO:     checkpoints : None
[2022/09/01 16:54:07] ppocr INFO:     distributed : False
[2022/09/01 16:54:07] ppocr INFO:     epoch_num : 20
[2022/09/01 16:54:07] ppocr INFO:     eval_batch_step : [0, 10]
[2022/09/01 16:54:07] ppocr INFO:     infer_img : doc/imgs_words_en/word_10.png
[2022/09/01 16:54:07] ppocr INFO:     label_list : ['0', '45', '90', '135', '180', '225', '270', '315']
[2022/09/01 16:54:07] ppocr INFO:     log_smooth_window : 20
[2022/09/01 16:54:07] ppocr INFO:     pretrained_model : /home/zatoichi/Code/ANGLE_CLS/output/cls/mv3/best_accuracy
[2022/09/01 16:54:07] ppocr INFO:     print_batch_step : 10
[2022/09/01 16:54:07] ppocr INFO:     save_epoch_step : 1
[2022/09/01 16:54:07] ppocr INFO:     save_inference_dir : None
[2022/09/01 16:54:07] ppocr INFO:     save_model_dir : ./output/quant_model/
[2022/09/01 16:54:07] ppocr INFO:     use_gpu : True
[2022/09/01 16:54:07] ppocr INFO:     use_visualdl : False
[2022/09/01 16:54:07] ppocr INFO:     use_wandb : True
[2022/09/01 16:54:07] ppocr INFO:     wandb : 
[2022/09/01 16:54:07] ppocr INFO:         entity : zatoichi
[2022/09/01 16:54:07] ppocr INFO:         name : 6k_ang_cls_20220822_2240
[2022/09/01 16:54:07] ppocr INFO:         project : text_ang_cls
[2022/09/01 16:54:07] ppocr INFO: Loss : 
[2022/09/01 16:54:07] ppocr INFO:     name : ClsLoss
[2022/09/01 16:54:07] ppocr INFO: Metric : 
[2022/09/01 16:54:07] ppocr INFO:     main_indicator : acc
[2022/09/01 16:54:07] ppocr INFO:     name : ClsMetric
[2022/09/01 16:54:07] ppocr INFO: Optimizer : 
[2022/09/01 16:54:07] ppocr INFO:     beta1 : 0.9
[2022/09/01 16:54:07] ppocr INFO:     beta2 : 0.999
[2022/09/01 16:54:07] ppocr INFO:     lr : 
[2022/09/01 16:54:07] ppocr INFO:         learning_rate : 0.001
[2022/09/01 16:54:07] ppocr INFO:         name : Cosine
[2022/09/01 16:54:07] ppocr INFO:     name : Adam
[2022/09/01 16:54:07] ppocr INFO:     regularizer : 
[2022/09/01 16:54:07] ppocr INFO:         factor : 0
[2022/09/01 16:54:07] ppocr INFO:         name : L2
[2022/09/01 16:54:07] ppocr INFO: PostProcess : 
[2022/09/01 16:54:07] ppocr INFO:     name : ClsPostProcess
[2022/09/01 16:54:07] ppocr INFO: Train : 
[2022/09/01 16:54:07] ppocr INFO:     dataset : 
[2022/09/01 16:54:07] ppocr INFO:         data_dir : /home/zatoichi/Code/ANGLE_CLS/PP_ANG_DET/
[2022/09/01 16:54:07] ppocr INFO:         label_file_list : ['/home/zatoichi/Code/ANGLE_CLS/PP_ANG_DET/cls_gt_train.txt']
[2022/09/01 16:54:07] ppocr INFO:         name : SimpleDataSet
[2022/09/01 16:54:07] ppocr INFO:         transforms : 
[2022/09/01 16:54:07] ppocr INFO:             DecodeImage : 
[2022/09/01 16:54:07] ppocr INFO:                 channel_first : False
[2022/09/01 16:54:07] ppocr INFO:                 img_mode : BGR
[2022/09/01 16:54:07] ppocr INFO:             ClsLabelEncode : None
[2022/09/01 16:54:07] ppocr INFO:             RecAug : 
[2022/09/01 16:54:07] ppocr INFO:                 use_tia : False
[2022/09/01 16:54:07] ppocr INFO:             RandAugment : None
[2022/09/01 16:54:07] ppocr INFO:             ClsResizeImg : 
[2022/09/01 16:54:07] ppocr INFO:                 image_shape : [3, 48, 192]
[2022/09/01 16:54:07] ppocr INFO:             KeepKeys : 
[2022/09/01 16:54:07] ppocr INFO:                 keep_keys : ['image', 'label']
[2022/09/01 16:54:07] ppocr INFO:     loader : 
[2022/09/01 16:54:07] ppocr INFO:         batch_size_per_card : 512
[2022/09/01 16:54:07] ppocr INFO:         drop_last : True
[2022/09/01 16:54:07] ppocr INFO:         num_workers : 8
[2022/09/01 16:54:07] ppocr INFO:         shuffle : True
[2022/09/01 16:54:07] ppocr INFO: profiler_options : None
[2022/09/01 16:54:07] ppocr INFO: train with paddle 2.3.0 and device Place(gpu:0)
[2022/09/01 16:54:07] ppocr INFO: Initialize indexs of datasets:['/home/zatoichi/Code/ANGLE_CLS/PP_ANG_DET/cls_gt_train.txt']
[2022/09/01 16:54:07] ppocr INFO: Initialize indexs of datasets:['/home/zatoichi/Code/ANGLE_CLS/PP_ANG_DET/cls_gt_test.txt']
[2022/09/01 16:54:10] ppocr INFO: load pretrain successful from /home/zatoichi/Code/ANGLE_CLS/output/cls/mv3/best_accuracy
[2022/09/01 16:54:10] ppocr INFO: train dataloader has 9 iters, valid dataloader has 4 iters
[2022/09/01 16:54:10] ppocr INFO: During the training process, after the 0th iteration, an evaluation is run every 10 iterations
[2022/09/01 16:56:30] ppocr INFO: Architecture : 
[2022/09/01 16:56:30] ppocr INFO:     Backbone : 
[2022/09/01 16:56:30] ppocr INFO:         model_name : small
[2022/09/01 16:56:30] ppocr INFO:         name : MobileNetV3
[2022/09/01 16:56:30] ppocr INFO:         scale : 0.35
[2022/09/01 16:56:30] ppocr INFO:     Head : 
[2022/09/01 16:56:30] ppocr INFO:         class_dim : 8
[2022/09/01 16:56:30] ppocr INFO:         name : ClsHead
[2022/09/01 16:56:30] ppocr INFO:     Neck : None
[2022/09/01 16:56:30] ppocr INFO:     Transform : None
[2022/09/01 16:56:30] ppocr INFO:     algorithm : CLS
[2022/09/01 16:56:30] ppocr INFO:     model_type : cls
[2022/09/01 16:56:30] ppocr INFO: Eval : 
[2022/09/01 16:56:30] ppocr INFO:     dataset : 
[2022/09/01 16:56:30] ppocr INFO:         data_dir : /home/zatoichi/Code/ANGLE_CLS/PP_ANG_DET/
[2022/09/01 16:56:30] ppocr INFO:         label_file_list : ['/home/zatoichi/Code/ANGLE_CLS/PP_ANG_DET/cls_gt_test.txt']
[2022/09/01 16:56:30] ppocr INFO:         name : SimpleDataSet
[2022/09/01 16:56:30] ppocr INFO:         transforms : 
[2022/09/01 16:56:30] ppocr INFO:             DecodeImage : 
[2022/09/01 16:56:30] ppocr INFO:                 channel_first : False
[2022/09/01 16:56:30] ppocr INFO:                 img_mode : BGR
[2022/09/01 16:56:30] ppocr INFO:             ClsLabelEncode : None
[2022/09/01 16:56:30] ppocr INFO:             ClsResizeImg : 
[2022/09/01 16:56:30] ppocr INFO:                 image_shape : [3, 48, 192]
[2022/09/01 16:56:30] ppocr INFO:             KeepKeys : 
[2022/09/01 16:56:30] ppocr INFO:                 keep_keys : ['image', 'label']
[2022/09/01 16:56:30] ppocr INFO:     loader : 
[2022/09/01 16:56:30] ppocr INFO:         batch_size_per_card : 512
[2022/09/01 16:56:30] ppocr INFO:         drop_last : False
[2022/09/01 16:56:30] ppocr INFO:         num_workers : 16
[2022/09/01 16:56:30] ppocr INFO:         shuffle : False
[2022/09/01 16:56:30] ppocr INFO: Global : 
[2022/09/01 16:56:30] ppocr INFO:     cal_metric_during_train : True
[2022/09/01 16:56:30] ppocr INFO:     checkpoints : None
[2022/09/01 16:56:30] ppocr INFO:     distributed : False
[2022/09/01 16:56:30] ppocr INFO:     epoch_num : 20
[2022/09/01 16:56:30] ppocr INFO:     eval_batch_step : [0, 10]
[2022/09/01 16:56:30] ppocr INFO:     infer_img : doc/imgs_words_en/word_10.png
[2022/09/01 16:56:30] ppocr INFO:     label_list : ['0', '45', '90', '135', '180', '225', '270', '315']
[2022/09/01 16:56:30] ppocr INFO:     log_smooth_window : 20
[2022/09/01 16:56:30] ppocr INFO:     pretrained_model : /home/zatoichi/Code/ANGLE_CLS/output/cls/mv3/best_accuracy
[2022/09/01 16:56:30] ppocr INFO:     print_batch_step : 10
[2022/09/01 16:56:30] ppocr INFO:     save_epoch_step : 1
[2022/09/01 16:56:30] ppocr INFO:     save_inference_dir : None
[2022/09/01 16:56:30] ppocr INFO:     save_model_dir : ./output/quant_model/
[2022/09/01 16:56:30] ppocr INFO:     use_gpu : True
[2022/09/01 16:56:30] ppocr INFO:     use_visualdl : False
[2022/09/01 16:56:30] ppocr INFO:     use_wandb : True
[2022/09/01 16:56:30] ppocr INFO:     wandb : 
[2022/09/01 16:56:30] ppocr INFO:         entity : zatoichi
[2022/09/01 16:56:30] ppocr INFO:         name : 6k_ang_cls_20220822_2240
[2022/09/01 16:56:30] ppocr INFO:         project : text_ang_cls
[2022/09/01 16:56:30] ppocr INFO: Loss : 
[2022/09/01 16:56:30] ppocr INFO:     name : ClsLoss
[2022/09/01 16:56:30] ppocr INFO: Metric : 
[2022/09/01 16:56:30] ppocr INFO:     main_indicator : acc
[2022/09/01 16:56:30] ppocr INFO:     name : ClsMetric
[2022/09/01 16:56:30] ppocr INFO: Optimizer : 
[2022/09/01 16:56:30] ppocr INFO:     beta1 : 0.9
[2022/09/01 16:56:30] ppocr INFO:     beta2 : 0.999
[2022/09/01 16:56:30] ppocr INFO:     lr : 
[2022/09/01 16:56:30] ppocr INFO:         learning_rate : 0.001
[2022/09/01 16:56:30] ppocr INFO:         name : Cosine
[2022/09/01 16:56:30] ppocr INFO:     name : Adam
[2022/09/01 16:56:30] ppocr INFO:     regularizer : 
[2022/09/01 16:56:30] ppocr INFO:         factor : 0
[2022/09/01 16:56:30] ppocr INFO:         name : L2
[2022/09/01 16:56:30] ppocr INFO: PostProcess : 
[2022/09/01 16:56:30] ppocr INFO:     name : ClsPostProcess
[2022/09/01 16:56:30] ppocr INFO: Train : 
[2022/09/01 16:56:30] ppocr INFO:     dataset : 
[2022/09/01 16:56:30] ppocr INFO:         data_dir : /home/zatoichi/Code/ANGLE_CLS/PP_ANG_DET/
[2022/09/01 16:56:30] ppocr INFO:         label_file_list : ['/home/zatoichi/Code/ANGLE_CLS/PP_ANG_DET/cls_gt_train.txt']
[2022/09/01 16:56:30] ppocr INFO:         name : SimpleDataSet
[2022/09/01 16:56:30] ppocr INFO:         transforms : 
[2022/09/01 16:56:30] ppocr INFO:             DecodeImage : 
[2022/09/01 16:56:30] ppocr INFO:                 channel_first : False
[2022/09/01 16:56:30] ppocr INFO:                 img_mode : BGR
[2022/09/01 16:56:30] ppocr INFO:             ClsLabelEncode : None
[2022/09/01 16:56:30] ppocr INFO:             RecAug : 
[2022/09/01 16:56:30] ppocr INFO:                 use_tia : False
[2022/09/01 16:56:30] ppocr INFO:             RandAugment : None
[2022/09/01 16:56:30] ppocr INFO:             ClsResizeImg : 
[2022/09/01 16:56:30] ppocr INFO:                 image_shape : [3, 48, 192]
[2022/09/01 16:56:30] ppocr INFO:             KeepKeys : 
[2022/09/01 16:56:30] ppocr INFO:                 keep_keys : ['image', 'label']
[2022/09/01 16:56:30] ppocr INFO:     loader : 
[2022/09/01 16:56:30] ppocr INFO:         batch_size_per_card : 512
[2022/09/01 16:56:30] ppocr INFO:         drop_last : True
[2022/09/01 16:56:30] ppocr INFO:         num_workers : 8
[2022/09/01 16:56:30] ppocr INFO:         shuffle : True
[2022/09/01 16:56:30] ppocr INFO: profiler_options : None
[2022/09/01 16:56:30] ppocr INFO: train with paddle 2.3.0 and device Place(gpu:0)
[2022/09/01 16:56:30] ppocr INFO: Initialize indexs of datasets:['/home/zatoichi/Code/ANGLE_CLS/PP_ANG_DET/cls_gt_train.txt']
[2022/09/01 16:56:30] ppocr INFO: Initialize indexs of datasets:['/home/zatoichi/Code/ANGLE_CLS/PP_ANG_DET/cls_gt_test.txt']
[2022/09/01 16:56:31] ppocr INFO: load pretrain successful from /home/zatoichi/Code/ANGLE_CLS/output/cls/mv3/best_accuracy
[2022/09/01 16:56:31] ppocr INFO: train dataloader has 9 iters, valid dataloader has 4 iters
[2022/09/01 16:56:31] ppocr INFO: During the training process, after the 0th iteration, an evaluation is run every 10 iterations
[2022/09/01 16:57:14] ppocr INFO: epoch: [1/20], global_step: 9, lr: 0.000999, acc: 0.640625, loss: 0.624506, avg_reader_cost: 4.03844 s, avg_batch_cost: 4.26655 s, avg_samples: 460.8, ips: 108.00294 samples/s, eta: 0:13:30
[2022/09/01 16:57:14] ppocr INFO: save model in ./output/quant_model/latest
[2022/09/01 16:57:14] ppocr INFO: save model in ./output/quant_model/iter_epoch_1
[2022/09/01 16:57:41] ppocr INFO: epoch: [2/20], global_step: 10, lr: 0.000998, acc: 0.640625, loss: 0.620426, avg_reader_cost: 2.69625 s, avg_batch_cost: 2.71758 s, avg_samples: 51.2, ips: 18.84027 samples/s, eta: 0:19:47
[2022/09/01 16:57:44] ppocr INFO: cur metric, acc: 0.544151373026655, fps: 6630.415059792663
[2022/09/01 16:57:44] ppocr INFO: save best model is to ./output/quant_model/best_accuracy
[2022/09/01 16:57:44] ppocr INFO: best metric, acc: 0.544151373026655, fps: 6630.415059792663, best_epoch: 2
[2022/09/01 16:57:57] ppocr INFO: epoch: [2/20], global_step: 18, lr: 0.000994, acc: 0.640625, loss: 0.624650, avg_reader_cost: 1.07356 s, avg_batch_cost: 1.22607 s, avg_samples: 409.6, ips: 334.07580 samples/s, eta: 0:12:18
[2022/09/01 16:57:57] ppocr INFO: save model in ./output/quant_model/latest
[2022/09/01 16:57:57] ppocr INFO: save model in ./output/quant_model/iter_epoch_2
[2022/09/01 16:58:23] ppocr INFO: epoch: [3/20], global_step: 20, lr: 0.000993, acc: 0.640625, loss: 0.624650, avg_reader_cost: 2.55718 s, avg_batch_cost: 2.59924 s, avg_samples: 102.4, ips: 39.39612 samples/s, eta: 0:14:24
[2022/09/01 16:58:26] ppocr INFO: cur metric, acc: 0.5837155929832821, fps: 7069.416050719035
[2022/09/01 16:58:26] ppocr INFO: save best model is to ./output/quant_model/best_accuracy
[2022/09/01 16:58:26] ppocr INFO: best metric, acc: 0.5837155929832821, fps: 7069.416050719035, best_epoch: 3
[2022/09/01 16:58:42] ppocr INFO: epoch: [3/20], global_step: 27, lr: 0.000979, acc: 0.649414, loss: 0.619593, avg_reader_cost: 1.41137 s, avg_batch_cost: 1.54528 s, avg_samples: 358.4, ips: 231.93257 samples/s, eta: 0:11:40
[2022/09/01 16:58:42] ppocr INFO: save model in ./output/quant_model/latest
[2022/09/01 16:58:42] ppocr INFO: save model in ./output/quant_model/iter_epoch_3
[2022/09/01 16:59:09] ppocr INFO: epoch: [4/20], global_step: 30, lr: 0.000971, acc: 0.649414, loss: 0.616212, avg_reader_cost: 2.64374 s, avg_batch_cost: 2.70553 s, avg_samples: 153.6, ips: 56.77261 samples/s, eta: 0:12:33
[2022/09/01 16:59:12] ppocr INFO: cur metric, acc: 0.6175458680186591, fps: 7094.806560900548
[2022/09/01 16:59:12] ppocr INFO: save best model is to ./output/quant_model/best_accuracy
[2022/09/01 16:59:12] ppocr INFO: best metric, acc: 0.6175458680186591, fps: 7094.806560900548, best_epoch: 4
[2022/09/01 16:59:26] ppocr INFO: epoch: [4/20], global_step: 36, lr: 0.000951, acc: 0.649414, loss: 0.601213, avg_reader_cost: 1.21358 s, avg_batch_cost: 1.32852 s, avg_samples: 307.2, ips: 231.23394 samples/s, eta: 0:10:55
[2022/09/01 16:59:26] ppocr INFO: save model in ./output/quant_model/latest
[2022/09/01 16:59:26] ppocr INFO: save model in ./output/quant_model/iter_epoch_4
[2022/09/01 16:59:53] ppocr INFO: epoch: [5/20], global_step: 40, lr: 0.000935, acc: 0.650391, loss: 0.593890, avg_reader_cost: 2.71365 s, avg_batch_cost: 2.79453 s, avg_samples: 204.8, ips: 73.28611 samples/s, eta: 0:11:11
[2022/09/01 16:59:56] ppocr INFO: cur metric, acc: 0.6077981616525335, fps: 7133.677891240385
[2022/09/01 16:59:56] ppocr INFO: best metric, acc: 0.6175458680186591, fps: 7094.806560900548, best_epoch: 4
[2022/09/01 17:00:09] ppocr INFO: epoch: [5/20], global_step: 45, lr: 0.000912, acc: 0.649414, loss: 0.593890, avg_reader_cost: 1.12152 s, avg_batch_cost: 1.21635 s, avg_samples: 256.0, ips: 210.46523 samples/s, eta: 0:10:11
[2022/09/01 17:00:09] ppocr INFO: save model in ./output/quant_model/latest
[2022/09/01 17:00:09] ppocr INFO: save model in ./output/quant_model/iter_epoch_5
[2022/09/01 17:00:37] ppocr INFO: epoch: [6/20], global_step: 50, lr: 0.000886, acc: 0.653320, loss: 0.589270, avg_reader_cost: 2.70114 s, avg_batch_cost: 2.79869 s, avg_samples: 256.0, ips: 91.47138 samples/s, eta: 0:10:03
[2022/09/01 17:00:40] ppocr INFO: cur metric, acc: 0.6244266019241594, fps: 7125.110240086029
[2022/09/01 17:00:40] ppocr INFO: save best model is to ./output/quant_model/best_accuracy
[2022/09/01 17:00:40] ppocr INFO: best metric, acc: 0.6244266019241594, fps: 7125.110240086029, best_epoch: 6
[2022/09/01 17:00:54] ppocr INFO: epoch: [6/20], global_step: 54, lr: 0.000863, acc: 0.662109, loss: 0.586964, avg_reader_cost: 1.32663 s, avg_batch_cost: 1.40348 s, avg_samples: 204.8, ips: 145.92346 samples/s, eta: 0:09:34
[2022/09/01 17:00:54] ppocr INFO: save model in ./output/quant_model/latest
[2022/09/01 17:00:54] ppocr INFO: save model in ./output/quant_model/iter_epoch_6
[2022/09/01 17:01:22] ppocr INFO: epoch: [7/20], global_step: 60, lr: 0.000825, acc: 0.661133, loss: 0.581937, avg_reader_cost: 2.72819 s, avg_batch_cost: 2.84736 s, avg_samples: 307.2, ips: 107.88945 samples/s, eta: 0:09:08
[2022/09/04 18:39:57] ppocr INFO: Architecture : 
[2022/09/04 18:39:57] ppocr INFO:     Backbone : 
[2022/09/04 18:39:57] ppocr INFO:         disable_se : True
[2022/09/04 18:39:57] ppocr INFO:         model_name : large
[2022/09/04 18:39:57] ppocr INFO:         name : MobileNetV3
[2022/09/04 18:39:57] ppocr INFO:         scale : 0.5
[2022/09/04 18:39:57] ppocr INFO:     Head : 
[2022/09/04 18:39:57] ppocr INFO:         k : 50
[2022/09/04 18:39:57] ppocr INFO:         name : DBHead
[2022/09/04 18:39:57] ppocr INFO:     Neck : 
[2022/09/04 18:39:57] ppocr INFO:         name : DBFPN
[2022/09/04 18:39:57] ppocr INFO:         out_channels : 96
[2022/09/04 18:39:57] ppocr INFO:     Transform : None
[2022/09/04 18:39:57] ppocr INFO:     algorithm : DB
[2022/09/04 18:39:57] ppocr INFO:     model_type : det
[2022/09/04 18:39:57] ppocr INFO: Eval : 
[2022/09/04 18:39:57] ppocr INFO:     dataset : 
[2022/09/04 18:39:57] ppocr INFO:         data_dir : ./train_data/icdar2015/text_localization/
[2022/09/04 18:39:57] ppocr INFO:         label_file_list : ['./train_data/icdar2015/text_localization/test_icdar2015_label.txt']
[2022/09/04 18:39:57] ppocr INFO:         name : SimpleDataSet
[2022/09/04 18:39:57] ppocr INFO:         transforms : 
[2022/09/04 18:39:57] ppocr INFO:             DecodeImage : 
[2022/09/04 18:39:57] ppocr INFO:                 channel_first : False
[2022/09/04 18:39:57] ppocr INFO:                 img_mode : BGR
[2022/09/04 18:39:57] ppocr INFO:             DetLabelEncode : None
[2022/09/04 18:39:57] ppocr INFO:             DetResizeForTest : None
[2022/09/04 18:39:57] ppocr INFO:             NormalizeImage : 
[2022/09/04 18:39:57] ppocr INFO:                 mean : [0.485, 0.456, 0.406]
[2022/09/04 18:39:57] ppocr INFO:                 order : hwc
[2022/09/04 18:39:57] ppocr INFO:                 scale : 1./255.
[2022/09/04 18:39:57] ppocr INFO:                 std : [0.229, 0.224, 0.225]
[2022/09/04 18:39:57] ppocr INFO:             ToCHWImage : None
[2022/09/04 18:39:57] ppocr INFO:             KeepKeys : 
[2022/09/04 18:39:57] ppocr INFO:                 keep_keys : ['image', 'shape', 'polys', 'ignore_tags']
[2022/09/04 18:39:57] ppocr INFO:     loader : 
[2022/09/04 18:39:57] ppocr INFO:         batch_size_per_card : 1
[2022/09/04 18:39:57] ppocr INFO:         drop_last : False
[2022/09/04 18:39:57] ppocr INFO:         num_workers : 2
[2022/09/04 18:39:57] ppocr INFO:         shuffle : False
[2022/09/04 18:39:57] ppocr INFO: Global : 
[2022/09/04 18:39:57] ppocr INFO:     cal_metric_during_train : False
[2022/09/04 18:39:57] ppocr INFO:     checkpoints : None
[2022/09/04 18:39:57] ppocr INFO:     distributed : False
[2022/09/04 18:39:57] ppocr INFO:     epoch_num : 1200
[2022/09/04 18:39:57] ppocr INFO:     eval_batch_step : [3000, 2000]
[2022/09/04 18:39:57] ppocr INFO:     infer_img : doc/imgs_en/img_10.jpg
[2022/09/04 18:39:57] ppocr INFO:     log_smooth_window : 20
[2022/09/04 18:39:57] ppocr INFO:     pretrained_model : ./ch_ppocr_mobile_v2.0_det_train/best_accuracy
[2022/09/04 18:39:57] ppocr INFO:     print_batch_step : 2
[2022/09/04 18:39:57] ppocr INFO:     save_epoch_step : 1200
[2022/09/04 18:39:57] ppocr INFO:     save_inference_dir : None
[2022/09/04 18:39:57] ppocr INFO:     save_model_dir : ./output/quant_model
[2022/09/04 18:39:57] ppocr INFO:     save_res_path : ./output/det_db/predicts_db.txt
[2022/09/04 18:39:57] ppocr INFO:     use_gpu : True
[2022/09/04 18:39:57] ppocr INFO:     use_visualdl : False
[2022/09/04 18:39:57] ppocr INFO: Loss : 
[2022/09/04 18:39:57] ppocr INFO:     alpha : 5
[2022/09/04 18:39:57] ppocr INFO:     balance_loss : True
[2022/09/04 18:39:57] ppocr INFO:     beta : 10
[2022/09/04 18:39:57] ppocr INFO:     main_loss_type : DiceLoss
[2022/09/04 18:39:57] ppocr INFO:     name : DBLoss
[2022/09/04 18:39:57] ppocr INFO:     ohem_ratio : 3
[2022/09/04 18:39:57] ppocr INFO: Metric : 
[2022/09/04 18:39:57] ppocr INFO:     main_indicator : hmean
[2022/09/04 18:39:57] ppocr INFO:     name : DetMetric
[2022/09/04 18:39:57] ppocr INFO: Optimizer : 
[2022/09/04 18:39:57] ppocr INFO:     beta1 : 0.9
[2022/09/04 18:39:57] ppocr INFO:     beta2 : 0.999
[2022/09/04 18:39:57] ppocr INFO:     lr : 
[2022/09/04 18:39:57] ppocr INFO:         learning_rate : 0.001
[2022/09/04 18:39:57] ppocr INFO:         name : Cosine
[2022/09/04 18:39:57] ppocr INFO:         warmup_epoch : 2
[2022/09/04 18:39:57] ppocr INFO:     name : Adam
[2022/09/04 18:39:57] ppocr INFO:     regularizer : 
[2022/09/04 18:39:57] ppocr INFO:         factor : 0
[2022/09/04 18:39:57] ppocr INFO:         name : L2
[2022/09/04 18:39:57] ppocr INFO: PostProcess : 
[2022/09/04 18:39:57] ppocr INFO:     box_thresh : 0.6
[2022/09/04 18:39:57] ppocr INFO:     max_candidates : 1000
[2022/09/04 18:39:57] ppocr INFO:     name : DBPostProcess
[2022/09/04 18:39:57] ppocr INFO:     thresh : 0.3
[2022/09/04 18:39:57] ppocr INFO:     unclip_ratio : 1.5
[2022/09/04 18:39:57] ppocr INFO: Train : 
[2022/09/04 18:39:57] ppocr INFO:     dataset : 
[2022/09/04 18:39:57] ppocr INFO:         data_dir : ./train_data/icdar2015/text_localization/
[2022/09/04 18:39:57] ppocr INFO:         label_file_list : ['./train_data/icdar2015/text_localization/train_icdar2015_label.txt']
[2022/09/04 18:39:57] ppocr INFO:         name : SimpleDataSet
[2022/09/04 18:39:57] ppocr INFO:         ratio_list : [1.0]
[2022/09/04 18:39:57] ppocr INFO:         transforms : 
[2022/09/04 18:39:57] ppocr INFO:             DecodeImage : 
[2022/09/04 18:39:57] ppocr INFO:                 channel_first : False
[2022/09/04 18:39:57] ppocr INFO:                 img_mode : BGR
[2022/09/04 18:39:57] ppocr INFO:             DetLabelEncode : None
[2022/09/04 18:39:57] ppocr INFO:             IaaAugment : 
[2022/09/04 18:39:57] ppocr INFO:                 augmenter_args : 
[2022/09/04 18:39:57] ppocr INFO:                     args : 
[2022/09/04 18:39:57] ppocr INFO:                         p : 0.5
[2022/09/04 18:39:57] ppocr INFO:                     type : Fliplr
[2022/09/04 18:39:57] ppocr INFO:                     args : 
[2022/09/04 18:39:57] ppocr INFO:                         rotate : [-10, 10]
[2022/09/04 18:39:57] ppocr INFO:                     type : Affine
[2022/09/04 18:39:57] ppocr INFO:                     args : 
[2022/09/04 18:39:57] ppocr INFO:                         size : [0.5, 3]
[2022/09/04 18:39:57] ppocr INFO:                     type : Resize
[2022/09/04 18:39:57] ppocr INFO:             EastRandomCropData : 
[2022/09/04 18:39:57] ppocr INFO:                 keep_ratio : True
[2022/09/04 18:39:57] ppocr INFO:                 max_tries : 50
[2022/09/04 18:39:57] ppocr INFO:                 size : [960, 960]
[2022/09/04 18:39:57] ppocr INFO:             MakeBorderMap : 
[2022/09/04 18:39:57] ppocr INFO:                 shrink_ratio : 0.4
[2022/09/04 18:39:57] ppocr INFO:                 thresh_max : 0.7
[2022/09/04 18:39:57] ppocr INFO:                 thresh_min : 0.3
[2022/09/04 18:39:57] ppocr INFO:             MakeShrinkMap : 
[2022/09/04 18:39:57] ppocr INFO:                 min_text_size : 8
[2022/09/04 18:39:57] ppocr INFO:                 shrink_ratio : 0.4
[2022/09/04 18:39:57] ppocr INFO:             NormalizeImage : 
[2022/09/04 18:39:57] ppocr INFO:                 mean : [0.485, 0.456, 0.406]
[2022/09/04 18:39:57] ppocr INFO:                 order : hwc
[2022/09/04 18:39:57] ppocr INFO:                 scale : 1./255.
[2022/09/04 18:39:57] ppocr INFO:                 std : [0.229, 0.224, 0.225]
[2022/09/04 18:39:57] ppocr INFO:             ToCHWImage : None
[2022/09/04 18:39:57] ppocr INFO:             KeepKeys : 
[2022/09/04 18:39:57] ppocr INFO:                 keep_keys : ['image', 'threshold_map', 'threshold_mask', 'shrink_map', 'shrink_mask']
[2022/09/04 18:39:57] ppocr INFO:     loader : 
[2022/09/04 18:39:57] ppocr INFO:         batch_size_per_card : 8
[2022/09/04 18:39:57] ppocr INFO:         drop_last : False
[2022/09/04 18:39:57] ppocr INFO:         num_workers : 4
[2022/09/04 18:39:57] ppocr INFO:         shuffle : True
[2022/09/04 18:39:57] ppocr INFO: profiler_options : None
[2022/09/04 18:39:57] ppocr INFO: train with paddle 2.3.0 and device Place(gpu:0)
[2022/09/04 18:39:57] ppocr INFO: Initialize indexs of datasets:['./train_data/icdar2015/text_localization/train_icdar2015_label.txt']
